Generating 300 graphs, 10 nodes, 100 walks each ...
Saved observations and ground truth. obs (300, 10, 10) truth (300, 90)
Training for 3500 epochs ...
Epoch 1/3500, Average Reward: -182.81849670410156, Median: -201.8131103515625
Epoch 11/3500, Average Reward: -179.0972900390625, Median: -195.1050262451172
Epoch 21/3500, Average Reward: -176.32286071777344, Median: -194.1370391845703
Epoch 31/3500, Average Reward: -173.96533203125, Median: -193.61312866210938
Epoch 41/3500, Average Reward: -170.8695068359375, Median: -191.99143981933594
Epoch 51/3500, Average Reward: -170.96585083007812, Median: -192.41845703125
Epoch 61/3500, Average Reward: -169.2216796875, Median: -191.38539123535156
Epoch 71/3500, Average Reward: -166.55596923828125, Median: -191.21461486816406
Epoch 81/3500, Average Reward: -165.28543090820312, Median: -191.49404907226562
Epoch 91/3500, Average Reward: -163.96336364746094, Median: -190.7863006591797
Epoch 101/3500, Average Reward: -163.2623291015625, Median: -191.09222412109375
Epoch 111/3500, Average Reward: -162.71347045898438, Median: -190.64556884765625
Epoch 121/3500, Average Reward: -161.61776733398438, Median: -190.87649536132812
Epoch 131/3500, Average Reward: -160.96258544921875, Median: -190.7173309326172
Epoch 141/3500, Average Reward: -161.35830688476562, Median: -190.4081573486328
Epoch 151/3500, Average Reward: -160.84254455566406, Median: -190.4160919189453
Epoch 161/3500, Average Reward: -160.41371154785156, Median: -190.2722930908203
Epoch 171/3500, Average Reward: -160.5526885986328, Median: -190.6979522705078
Epoch 181/3500, Average Reward: -159.9911651611328, Median: -190.60748291015625
Epoch 191/3500, Average Reward: -160.26414489746094, Median: -190.1342010498047
Epoch 201/3500, Average Reward: -160.19825744628906, Median: -190.18898010253906
Epoch 211/3500, Average Reward: -159.6839599609375, Median: -190.20579528808594
Epoch 221/3500, Average Reward: -159.6681671142578, Median: -190.3146209716797
Epoch 231/3500, Average Reward: -159.43728637695312, Median: -189.98330688476562
Epoch 241/3500, Average Reward: -159.6479034423828, Median: -190.086669921875
Epoch 251/3500, Average Reward: -159.5172119140625, Median: -190.48226928710938
Epoch 261/3500, Average Reward: -159.32354736328125, Median: -190.07742309570312
Epoch 271/3500, Average Reward: -159.5218505859375, Median: -190.0415496826172
Epoch 281/3500, Average Reward: -159.32164001464844, Median: -190.0145263671875
Epoch 291/3500, Average Reward: -159.2418212890625, Median: -190.1147003173828
Epoch 301/3500, Average Reward: -159.1865234375, Median: -189.82823181152344
Epoch 311/3500, Average Reward: -159.1523895263672, Median: -190.19493103027344
Epoch 321/3500, Average Reward: -159.10804748535156, Median: -190.20620727539062
Epoch 331/3500, Average Reward: -159.28297424316406, Median: -190.4461212158203
Epoch 341/3500, Average Reward: -159.15399169921875, Median: -190.70880126953125
Epoch 351/3500, Average Reward: -159.1405792236328, Median: -189.8363037109375
Epoch 361/3500, Average Reward: -159.0128631591797, Median: -189.70631408691406
Epoch 371/3500, Average Reward: -159.11537170410156, Median: -190.03504943847656
Epoch 381/3500, Average Reward: -159.0475311279297, Median: -189.80233764648438
Epoch 391/3500, Average Reward: -158.9984588623047, Median: -189.977294921875
Epoch 401/3500, Average Reward: -159.0269012451172, Median: -190.01792907714844
Epoch 411/3500, Average Reward: -159.07400512695312, Median: -189.9869384765625
Epoch 421/3500, Average Reward: -158.97190856933594, Median: -190.4296875
Epoch 431/3500, Average Reward: -159.0188751220703, Median: -190.20660400390625
Epoch 441/3500, Average Reward: -158.97789001464844, Median: -190.2857208251953
Epoch 451/3500, Average Reward: -158.9519805908203, Median: -189.80299377441406
Epoch 461/3500, Average Reward: -158.9775848388672, Median: -190.25692749023438
Epoch 471/3500, Average Reward: -158.97720336914062, Median: -190.6356658935547
Epoch 481/3500, Average Reward: -159.0415496826172, Median: -190.25718688964844
Epoch 491/3500, Average Reward: -158.9327850341797, Median: -189.7528076171875
Epoch 501/3500, Average Reward: -158.95843505859375, Median: -190.01486206054688
Epoch 511/3500, Average Reward: -159.00218200683594, Median: -190.03109741210938
-158.88719177246094 -177.79808044433594
Epoch 521/3500, Average Reward: -158.9143524169922, Median: -190.01463317871094
-158.88186645507812 -175.9676513671875
Epoch 531/3500, Average Reward: -158.98512268066406, Median: -189.9965057373047
-158.88186645507812 -173.8216552734375
Epoch 541/3500, Average Reward: -158.88233947753906, Median: -190.07542419433594
-158.86708068847656 -170.8695068359375
Epoch 551/3500, Average Reward: -158.91612243652344, Median: -190.26028442382812
-158.8613739013672 -170.15188598632812
Epoch 561/3500, Average Reward: -158.89117431640625, Median: -189.8328857421875
-158.8613739013672 -167.6259307861328
Epoch 571/3500, Average Reward: -158.87327575683594, Median: -189.96664428710938
-158.8563995361328 -166.55596923828125
Epoch 581/3500, Average Reward: -158.90475463867188, Median: -189.79354858398438
-158.8563995361328 -165.03627014160156
Epoch 591/3500, Average Reward: -158.92286682128906, Median: -189.65524291992188
-158.84715270996094 -163.7686309814453
Epoch 601/3500, Average Reward: -158.91693115234375, Median: -189.92489624023438
-158.84715270996094 -163.20750427246094
Epoch 611/3500, Average Reward: -158.92803955078125, Median: -189.66847229003906
-158.84715270996094 -162.33682250976562
Epoch 621/3500, Average Reward: -158.90811157226562, Median: -190.02700805664062
-158.84715270996094 -161.61776733398438
Epoch 631/3500, Average Reward: -158.85658264160156, Median: -189.9823760986328
-158.84715270996094 -160.96258544921875
Epoch 641/3500, Average Reward: -158.87930297851562, Median: -189.6372833251953
-158.84715270996094 -160.8220672607422
Epoch 651/3500, Average Reward: -158.88043212890625, Median: -189.82273864746094
-158.84518432617188 -160.7539520263672
Epoch 661/3500, Average Reward: -158.8678436279297, Median: -190.0183563232422
-158.84518432617188 -160.25051879882812
Epoch 671/3500, Average Reward: -158.9179229736328, Median: -190.0102081298828
-158.8445281982422 -160.1073760986328
Epoch 681/3500, Average Reward: -158.87367248535156, Median: -189.763916015625
-158.83816528320312 -159.87588500976562
Epoch 691/3500, Average Reward: -158.8982391357422, Median: -189.7821807861328
-158.83572387695312 -159.67454528808594
Epoch 701/3500, Average Reward: -158.90281677246094, Median: -189.77296447753906
-158.83572387695312 -159.6509246826172
Epoch 711/3500, Average Reward: -158.819091796875, Median: -189.82608032226562
-158.81484985351562 -159.59933471679688
Epoch 721/3500, Average Reward: -158.93502807617188, Median: -189.72377014160156
-158.81484985351562 -159.5051727294922
Epoch 731/3500, Average Reward: -158.84645080566406, Median: -189.76779174804688
-158.80877685546875 -159.4359893798828
Epoch 741/3500, Average Reward: -158.88809204101562, Median: -189.8949737548828
-158.8035125732422 -159.36297607421875
Epoch 751/3500, Average Reward: -158.8629150390625, Median: -189.78732299804688
-158.8035125732422 -159.2801055908203
Epoch 761/3500, Average Reward: -158.85035705566406, Median: -189.96766662597656
-158.8035125732422 -159.2801055908203
Epoch 771/3500, Average Reward: -158.89073181152344, Median: -189.86557006835938
-158.8035125732422 -159.25848388671875
Epoch 781/3500, Average Reward: -158.8379364013672, Median: -190.1791229248047
-158.8035125732422 -159.21934509277344
Epoch 791/3500, Average Reward: -158.82118225097656, Median: -190.06100463867188
-158.8035125732422 -159.1848907470703
Epoch 801/3500, Average Reward: -158.8382110595703, Median: -189.79786682128906
-158.8035125732422 -159.11294555664062
Epoch 811/3500, Average Reward: -158.83811950683594, Median: -189.6097412109375
-158.8035125732422 -159.11294555664062
Epoch 821/3500, Average Reward: -158.8340606689453, Median: -189.59530639648438
-158.8035125732422 -159.06942749023438
Epoch 831/3500, Average Reward: -158.84359741210938, Median: -189.80941772460938
-158.8035125732422 -159.06942749023438
Epoch 841/3500, Average Reward: -158.8270263671875, Median: -190.1436004638672
-158.8035125732422 -159.05987548828125
Epoch 851/3500, Average Reward: -158.8083953857422, Median: -189.98028564453125
-158.8035125732422 -159.05987548828125
Epoch 861/3500, Average Reward: -158.80641174316406, Median: -189.91697692871094
-158.8035125732422 -159.00514221191406
Epoch 871/3500, Average Reward: -158.8328094482422, Median: -189.9818878173828
-158.8035125732422 -158.98565673828125
Epoch 881/3500, Average Reward: -158.84852600097656, Median: -189.49517822265625
-158.8035125732422 -158.96392822265625
Epoch 891/3500, Average Reward: -158.84823608398438, Median: -189.68997192382812
-158.8035125732422 -158.96392822265625
Epoch 901/3500, Average Reward: -158.79986572265625, Median: -189.8839569091797
-158.79986572265625 -158.94749450683594
Epoch 911/3500, Average Reward: -158.8105926513672, Median: -189.7191162109375
-158.79986572265625 -158.94749450683594
Epoch 921/3500, Average Reward: -158.88357543945312, Median: -190.17471313476562
-158.79986572265625 -158.90721130371094
Epoch 931/3500, Average Reward: -158.83763122558594, Median: -189.63623046875
-158.79986572265625 -158.90721130371094
Epoch 941/3500, Average Reward: -158.81982421875, Median: -189.74794006347656
-158.79551696777344 -158.90721130371094
Epoch 951/3500, Average Reward: -158.88294982910156, Median: -189.8490447998047
-158.78663635253906 -158.90721130371094
Epoch 961/3500, Average Reward: -158.80601501464844, Median: -189.88475036621094
-158.78663635253906 -158.9053955078125
Epoch 971/3500, Average Reward: -158.86502075195312, Median: -190.26953125
-158.78663635253906 -158.9053955078125
Epoch 981/3500, Average Reward: -158.82315063476562, Median: -190.1403045654297
-158.7860565185547 -158.9053955078125
Epoch 991/3500, Average Reward: -158.86793518066406, Median: -190.17849731445312
-158.7860565185547 -158.9001007080078
Epoch 1001/3500, Average Reward: -158.86697387695312, Median: -190.0316925048828
-158.7860565185547 -158.8968963623047
Epoch 1011/3500, Average Reward: -158.853515625, Median: -190.20669555664062
-158.7860565185547 -158.88719177246094
Epoch 1021/3500, Average Reward: -158.78842163085938, Median: -189.616943359375
-158.7860565185547 -158.88186645507812
Epoch 1031/3500, Average Reward: -158.83616638183594, Median: -190.10195922851562
-158.7809600830078 -158.88186645507812
Epoch 1041/3500, Average Reward: -158.8092803955078, Median: -190.42027282714844
-158.7536163330078 -158.86708068847656
Epoch 1051/3500, Average Reward: -158.8561248779297, Median: -190.450927734375
-158.7536163330078 -158.8613739013672
Epoch 1061/3500, Average Reward: -158.80889892578125, Median: -190.184814453125
-158.7536163330078 -158.8613739013672
Epoch 1071/3500, Average Reward: -158.7968292236328, Median: -190.3210906982422
-158.7536163330078 -158.8563995361328
Epoch 1081/3500, Average Reward: -158.79563903808594, Median: -190.19964599609375
-158.7536163330078 -158.8563995361328
Epoch 1091/3500, Average Reward: -158.8218536376953, Median: -190.22998046875
-158.7536163330078 -158.84715270996094
Epoch 1101/3500, Average Reward: -158.80995178222656, Median: -190.26571655273438
-158.7536163330078 -158.84715270996094
Epoch 1111/3500, Average Reward: -158.78192138671875, Median: -190.0684814453125
-158.7536163330078 -158.84715270996094
Epoch 1121/3500, Average Reward: -158.7973175048828, Median: -190.10342407226562
-158.7536163330078 -158.84715270996094
Epoch 1131/3500, Average Reward: -158.7902069091797, Median: -189.9767608642578
-158.7536163330078 -158.84715270996094
Epoch 1141/3500, Average Reward: -158.82406616210938, Median: -189.7335662841797
-158.7536163330078 -158.84715270996094
Epoch 1151/3500, Average Reward: -158.8120880126953, Median: -189.50308227539062
-158.7536163330078 -158.84518432617188
Epoch 1161/3500, Average Reward: -158.7840576171875, Median: -189.65472412109375
-158.7536163330078 -158.84518432617188
Epoch 1171/3500, Average Reward: -158.811767578125, Median: -189.79745483398438
-158.7536163330078 -158.8445281982422
Epoch 1181/3500, Average Reward: -158.80056762695312, Median: -189.7261199951172
-158.7536163330078 -158.83816528320312
Epoch 1191/3500, Average Reward: -158.84713745117188, Median: -189.21434020996094
-158.7536163330078 -158.83572387695312
Epoch 1201/3500, Average Reward: -158.7930450439453, Median: -189.72518920898438
-158.7536163330078 -158.83572387695312
Epoch 1211/3500, Average Reward: -158.78155517578125, Median: -189.68817138671875
-158.7536163330078 -158.81484985351562
Epoch 1221/3500, Average Reward: -158.8240966796875, Median: -189.847900390625
-158.7536163330078 -158.81484985351562
Epoch 1231/3500, Average Reward: -158.81344604492188, Median: -189.5799102783203
-158.7536163330078 -158.80877685546875
Epoch 1241/3500, Average Reward: -158.8112335205078, Median: -189.6015625
-158.7536163330078 -158.8035125732422
Epoch 1251/3500, Average Reward: -158.83306884765625, Median: -189.69529724121094
-158.7536163330078 -158.8035125732422
Epoch 1261/3500, Average Reward: -158.82557678222656, Median: -189.33428955078125
-158.7536163330078 -158.8035125732422
Epoch 1271/3500, Average Reward: -158.7971649169922, Median: -189.35305786132812
-158.7536163330078 -158.8035125732422
Epoch 1281/3500, Average Reward: -158.80606079101562, Median: -189.6820526123047
-158.7536163330078 -158.8035125732422
Epoch 1291/3500, Average Reward: -158.8166046142578, Median: -189.77406311035156
-158.7536163330078 -158.8035125732422
Epoch 1301/3500, Average Reward: -158.78578186035156, Median: -189.88247680664062
-158.7536163330078 -158.8035125732422
Epoch 1311/3500, Average Reward: -158.7926788330078, Median: -189.8442840576172
-158.7536163330078 -158.8035125732422
Epoch 1321/3500, Average Reward: -158.79481506347656, Median: -190.08909606933594
-158.7536163330078 -158.8035125732422
Epoch 1331/3500, Average Reward: -158.7949676513672, Median: -189.48887634277344
-158.7536163330078 -158.8035125732422
Epoch 1341/3500, Average Reward: -158.79566955566406, Median: -189.4834442138672
-158.7536163330078 -158.8035125732422
Epoch 1351/3500, Average Reward: -158.7867431640625, Median: -189.3887939453125
-158.75096130371094 -158.8035125732422
Epoch 1361/3500, Average Reward: -158.79827880859375, Median: -189.32131958007812
-158.75096130371094 -158.8035125732422
Epoch 1371/3500, Average Reward: -158.7891387939453, Median: -189.22633361816406
-158.75096130371094 -158.8035125732422
Epoch 1381/3500, Average Reward: -158.80099487304688, Median: -189.31214904785156
-158.75096130371094 -158.8035125732422
Epoch 1391/3500, Average Reward: -158.82073974609375, Median: -189.85635375976562
-158.75096130371094 -158.8035125732422
Epoch 1401/3500, Average Reward: -158.78199768066406, Median: -189.30755615234375
-158.75096130371094 -158.79986572265625
Epoch 1411/3500, Average Reward: -158.777587890625, Median: -189.46710205078125
-158.75096130371094 -158.79986572265625
Epoch 1421/3500, Average Reward: -158.82015991210938, Median: -189.43759155273438
-158.75096130371094 -158.79986572265625
Epoch 1431/3500, Average Reward: -158.81231689453125, Median: -189.6728515625
-158.75096130371094 -158.79986572265625
Epoch 1441/3500, Average Reward: -158.79132080078125, Median: -189.82150268554688
-158.75096130371094 -158.79551696777344
Epoch 1451/3500, Average Reward: -158.80992126464844, Median: -189.76292419433594
-158.75096130371094 -158.78663635253906
Epoch 1461/3500, Average Reward: -158.7808837890625, Median: -190.0416259765625
-158.75096130371094 -158.78663635253906
Epoch 1471/3500, Average Reward: -158.77357482910156, Median: -189.75257873535156
-158.75096130371094 -158.78663635253906
Epoch 1481/3500, Average Reward: -158.76519775390625, Median: -189.73878479003906
-158.75096130371094 -158.7860565185547
Epoch 1491/3500, Average Reward: -158.7821044921875, Median: -189.57101440429688
-158.7476348876953 -158.7860565185547
Epoch 1501/3500, Average Reward: -158.85382080078125, Median: -190.24169921875
-158.7476348876953 -158.7860565185547
Epoch 1511/3500, Average Reward: -158.76925659179688, Median: -189.7624053955078
-158.7476348876953 -158.7860565185547
Epoch 1521/3500, Average Reward: -158.7593536376953, Median: -189.7827911376953
-158.743408203125 -158.7860565185547
Epoch 1531/3500, Average Reward: -158.78662109375, Median: -189.74913024902344
-158.743408203125 -158.7809600830078
Epoch 1541/3500, Average Reward: -158.77304077148438, Median: -189.6707305908203
-158.743408203125 -158.7536163330078
Epoch 1551/3500, Average Reward: -158.77392578125, Median: -189.8115997314453
-158.743408203125 -158.7536163330078
Epoch 1561/3500, Average Reward: -158.7733612060547, Median: -190.23818969726562
-158.743408203125 -158.7536163330078
Epoch 1571/3500, Average Reward: -158.79022216796875, Median: -189.99215698242188
-158.743408203125 -158.7536163330078
Epoch 1581/3500, Average Reward: -158.7815399169922, Median: -190.21925354003906
-158.743408203125 -158.7536163330078
Epoch 1591/3500, Average Reward: -158.77732849121094, Median: -190.46617126464844
-158.743408203125 -158.7536163330078
Epoch 1601/3500, Average Reward: -158.78750610351562, Median: -189.895751953125
-158.743408203125 -158.7536163330078
Epoch 1611/3500, Average Reward: -158.8163299560547, Median: -190.26559448242188
-158.743408203125 -158.7536163330078
Epoch 1621/3500, Average Reward: -158.79913330078125, Median: -190.1469268798828
-158.743408203125 -158.7536163330078
Epoch 1631/3500, Average Reward: -158.78317260742188, Median: -189.9946746826172
-158.743408203125 -158.7536163330078
Epoch 1641/3500, Average Reward: -158.7983856201172, Median: -189.96304321289062
-158.743408203125 -158.7536163330078
Epoch 1651/3500, Average Reward: -158.85427856445312, Median: -190.31597900390625
-158.743408203125 -158.7536163330078
Epoch 1661/3500, Average Reward: -158.86085510253906, Median: -190.456787109375
-158.743408203125 -158.7536163330078
Epoch 1671/3500, Average Reward: -158.78997802734375, Median: -189.94422912597656
-158.743408203125 -158.7536163330078
Epoch 1681/3500, Average Reward: -158.78369140625, Median: -189.82899475097656
-158.743408203125 -158.7536163330078
Epoch 1691/3500, Average Reward: -158.7761688232422, Median: -189.87991333007812
-158.743408203125 -158.7536163330078
Epoch 1701/3500, Average Reward: -158.79095458984375, Median: -189.67469787597656
-158.743408203125 -158.7536163330078
Epoch 1711/3500, Average Reward: -158.77578735351562, Median: -189.525390625
-158.743408203125 -158.7536163330078
Epoch 1721/3500, Average Reward: -158.76629638671875, Median: -189.5983428955078
-158.743408203125 -158.7536163330078
Epoch 1731/3500, Average Reward: -158.84149169921875, Median: -189.87881469726562
-158.743408203125 -158.7536163330078
Epoch 1741/3500, Average Reward: -158.78733825683594, Median: -190.0590057373047
-158.743408203125 -158.7536163330078
Epoch 1751/3500, Average Reward: -158.7617645263672, Median: -189.52719116210938
-158.74266052246094 -158.7536163330078
Epoch 1761/3500, Average Reward: -158.7630615234375, Median: -189.44337463378906
-158.74266052246094 -158.7536163330078
Epoch 1771/3500, Average Reward: -158.78868103027344, Median: -190.0929718017578
-158.74266052246094 -158.7536163330078
Epoch 1781/3500, Average Reward: -158.7824249267578, Median: -190.29342651367188
-158.74266052246094 -158.7536163330078
Epoch 1791/3500, Average Reward: -158.77178955078125, Median: -190.0626678466797
-158.74266052246094 -158.7536163330078
Epoch 1801/3500, Average Reward: -158.7480926513672, Median: -189.7172088623047
-158.74130249023438 -158.7536163330078
Epoch 1811/3500, Average Reward: -158.76712036132812, Median: -189.59202575683594
-158.74130249023438 -158.7536163330078
Epoch 1821/3500, Average Reward: -158.7821807861328, Median: -189.94837951660156
-158.74130249023438 -158.7536163330078
Epoch 1831/3500, Average Reward: -158.76541137695312, Median: -189.8374481201172
-158.74130249023438 -158.7536163330078
Epoch 1841/3500, Average Reward: -158.7527618408203, Median: -189.83718872070312
-158.74130249023438 -158.7536163330078
Epoch 1851/3500, Average Reward: -158.7479248046875, Median: -189.90158081054688
-158.74130249023438 -158.75096130371094
Epoch 1861/3500, Average Reward: -158.7684326171875, Median: -189.67710876464844
-158.74130249023438 -158.75096130371094
Epoch 1871/3500, Average Reward: -158.74378967285156, Median: -189.93374633789062
-158.73760986328125 -158.75096130371094
Epoch 1881/3500, Average Reward: -158.7302703857422, Median: -189.97007751464844
-158.7302703857422 -158.75096130371094
Epoch 1891/3500, Average Reward: -158.79483032226562, Median: -190.11685180664062
-158.7302703857422 -158.75096130371094
Epoch 1901/3500, Average Reward: -158.77134704589844, Median: -190.01791381835938
-158.7302703857422 -158.75096130371094
Epoch 1911/3500, Average Reward: -158.75616455078125, Median: -189.8440704345703
-158.7302703857422 -158.75096130371094
Epoch 1921/3500, Average Reward: -158.7555694580078, Median: -189.93736267089844
-158.7302703857422 -158.75096130371094
Epoch 1931/3500, Average Reward: -158.7874755859375, Median: -189.52362060546875
-158.7302703857422 -158.75096130371094
Epoch 1941/3500, Average Reward: -158.76744079589844, Median: -189.3497314453125
-158.7302703857422 -158.75096130371094
Epoch 1951/3500, Average Reward: -158.75294494628906, Median: -189.89292907714844
-158.72645568847656 -158.75096130371094
Epoch 1961/3500, Average Reward: -158.77413940429688, Median: -189.5782928466797
-158.72645568847656 -158.75096130371094
Epoch 1971/3500, Average Reward: -158.7532196044922, Median: -189.85238647460938
-158.72645568847656 -158.75096130371094
Epoch 1981/3500, Average Reward: -158.7578582763672, Median: -190.3539581298828
-158.72645568847656 -158.75096130371094
Epoch 1991/3500, Average Reward: -158.779541015625, Median: -190.38485717773438
-158.72645568847656 -158.7476348876953
Epoch 2001/3500, Average Reward: -158.73619079589844, Median: -190.1784210205078
-158.72372436523438 -158.7476348876953
Epoch 2011/3500, Average Reward: -158.7423095703125, Median: -190.11581420898438
-158.72372436523438 -158.7476348876953
Epoch 2021/3500, Average Reward: -158.80189514160156, Median: -189.2233123779297
-158.72372436523438 -158.743408203125
Epoch 2031/3500, Average Reward: -158.7344512939453, Median: -189.8916473388672
-158.72372436523438 -158.743408203125
Epoch 2041/3500, Average Reward: -158.74700927734375, Median: -189.78811645507812
-158.72372436523438 -158.743408203125
Epoch 2051/3500, Average Reward: -158.78590393066406, Median: -189.7641143798828
-158.72372436523438 -158.743408203125
Epoch 2061/3500, Average Reward: -158.79037475585938, Median: -189.72471618652344
-158.72372436523438 -158.743408203125
Epoch 2071/3500, Average Reward: -158.74876403808594, Median: -189.974365234375
-158.72372436523438 -158.743408203125
Epoch 2081/3500, Average Reward: -158.7545928955078, Median: -190.0369873046875
-158.72372436523438 -158.743408203125
Epoch 2091/3500, Average Reward: -158.74307250976562, Median: -189.8112335205078
-158.72372436523438 -158.743408203125
Epoch 2101/3500, Average Reward: -158.78936767578125, Median: -190.38055419921875
-158.72372436523438 -158.743408203125
Epoch 2111/3500, Average Reward: -158.73300170898438, Median: -189.91519165039062
-158.72372436523438 -158.743408203125
Epoch 2121/3500, Average Reward: -158.78372192382812, Median: -190.27481079101562
-158.72372436523438 -158.743408203125
Epoch 2131/3500, Average Reward: -158.78489685058594, Median: -190.28257751464844
-158.72372436523438 -158.743408203125
Epoch 2141/3500, Average Reward: -158.75399780273438, Median: -189.8023223876953
-158.72372436523438 -158.743408203125
Epoch 2151/3500, Average Reward: -158.76683044433594, Median: -189.8757781982422
-158.72372436523438 -158.743408203125
Epoch 2161/3500, Average Reward: -158.7604217529297, Median: -190.13926696777344
-158.72372436523438 -158.743408203125
Epoch 2171/3500, Average Reward: -158.7581329345703, Median: -189.42333984375
-158.72372436523438 -158.743408203125
Epoch 2181/3500, Average Reward: -158.77720642089844, Median: -189.6278533935547
-158.72372436523438 -158.743408203125
Epoch 2191/3500, Average Reward: -158.76516723632812, Median: -189.57838439941406
-158.72372436523438 -158.743408203125
Epoch 2201/3500, Average Reward: -158.7379913330078, Median: -189.73748779296875
-158.72372436523438 -158.743408203125
Epoch 2211/3500, Average Reward: -158.72732543945312, Median: -189.52085876464844
-158.7160186767578 -158.743408203125
Epoch 2221/3500, Average Reward: -158.7559814453125, Median: -189.36016845703125
-158.7160186767578 -158.743408203125
Epoch 2231/3500, Average Reward: -158.7347412109375, Median: -189.5871124267578
-158.7160186767578 -158.743408203125
Epoch 2241/3500, Average Reward: -158.76161193847656, Median: -189.6898193359375
-158.7160186767578 -158.743408203125
Epoch 2251/3500, Average Reward: -158.72935485839844, Median: -189.38497924804688
-158.7160186767578 -158.74266052246094
Epoch 2261/3500, Average Reward: -158.76788330078125, Median: -189.44825744628906
-158.7160186767578 -158.74266052246094
Epoch 2271/3500, Average Reward: -158.73583984375, Median: -189.2480926513672
-158.7160186767578 -158.74266052246094
Epoch 2281/3500, Average Reward: -158.7113494873047, Median: -189.37176513671875
-158.70437622070312 -158.74266052246094
Epoch 2291/3500, Average Reward: -158.7236785888672, Median: -189.01458740234375
-158.70437622070312 -158.74266052246094
Epoch 2301/3500, Average Reward: -158.74624633789062, Median: -189.14039611816406
-158.70437622070312 -158.74130249023438
Epoch 2311/3500, Average Reward: -158.7098388671875, Median: -189.24557495117188
-158.70437622070312 -158.74130249023438
Epoch 2321/3500, Average Reward: -158.7490234375, Median: -189.12564086914062
-158.70327758789062 -158.74130249023438
Epoch 2331/3500, Average Reward: -158.73472595214844, Median: -189.151611328125
-158.70327758789062 -158.74130249023438
Epoch 2341/3500, Average Reward: -158.7180938720703, Median: -189.30393981933594
-158.70327758789062 -158.74130249023438
Epoch 2351/3500, Average Reward: -158.70733642578125, Median: -189.5614776611328
-158.70237731933594 -158.74130249023438
Epoch 2361/3500, Average Reward: -158.71226501464844, Median: -189.40806579589844
-158.70237731933594 -158.74130249023438
Epoch 2371/3500, Average Reward: -158.7656707763672, Median: -189.29739379882812
-158.70237731933594 -158.73760986328125
Epoch 2381/3500, Average Reward: -158.74560546875, Median: -189.59619140625
-158.70237731933594 -158.7302703857422
Epoch 2391/3500, Average Reward: -158.73622131347656, Median: -189.25804138183594
-158.697265625 -158.7302703857422
Epoch 2401/3500, Average Reward: -158.71786499023438, Median: -189.68238830566406
-158.697265625 -158.7302703857422
Epoch 2411/3500, Average Reward: -158.76124572753906, Median: -189.6113739013672
-158.697265625 -158.7302703857422
Epoch 2421/3500, Average Reward: -158.77700805664062, Median: -189.63145446777344
-158.697265625 -158.7302703857422
Epoch 2431/3500, Average Reward: -158.71963500976562, Median: -189.54534912109375
-158.697265625 -158.7302703857422
Epoch 2441/3500, Average Reward: -158.7046356201172, Median: -189.37953186035156
-158.697265625 -158.7302703857422
Epoch 2451/3500, Average Reward: -158.70619201660156, Median: -189.239013671875
-158.6961212158203 -158.72645568847656
Epoch 2461/3500, Average Reward: -158.74771118164062, Median: -189.54586791992188
-158.69007873535156 -158.72645568847656
Epoch 2471/3500, Average Reward: -158.7270965576172, Median: -189.42138671875
-158.69007873535156 -158.72645568847656
Epoch 2481/3500, Average Reward: -158.7024688720703, Median: -189.32595825195312
-158.69007873535156 -158.72645568847656
Epoch 2491/3500, Average Reward: -158.7236328125, Median: -189.21417236328125
-158.69007873535156 -158.72645568847656
Epoch 2501/3500, Average Reward: -158.72067260742188, Median: -189.0322265625
-158.69007873535156 -158.72372436523438
Epoch 2511/3500, Average Reward: -158.7010955810547, Median: -189.19866943359375
-158.69007873535156 -158.72372436523438
Epoch 2521/3500, Average Reward: -158.75442504882812, Median: -189.06689453125
-158.69007873535156 -158.72372436523438
Epoch 2531/3500, Average Reward: -158.7088165283203, Median: -189.3472442626953
-158.69007873535156 -158.72372436523438
Epoch 2541/3500, Average Reward: -158.71388244628906, Median: -189.23162841796875
-158.69007873535156 -158.72372436523438
Epoch 2551/3500, Average Reward: -158.74765014648438, Median: -189.67822265625
-158.69007873535156 -158.72372436523438
Epoch 2561/3500, Average Reward: -158.7281036376953, Median: -189.24842834472656
-158.69007873535156 -158.72372436523438
Epoch 2571/3500, Average Reward: -158.71054077148438, Median: -189.2098388671875
-158.69007873535156 -158.72372436523438
Epoch 2581/3500, Average Reward: -158.7058868408203, Median: -189.0504913330078
-158.69007873535156 -158.72372436523438
Epoch 2591/3500, Average Reward: -158.71192932128906, Median: -189.3280792236328
-158.69007873535156 -158.72372436523438
Epoch 2601/3500, Average Reward: -158.72714233398438, Median: -189.1641387939453
-158.69007873535156 -158.72372436523438
Epoch 2611/3500, Average Reward: -158.72560119628906, Median: -189.1855010986328
-158.69007873535156 -158.72372436523438
Epoch 2621/3500, Average Reward: -158.75717163085938, Median: -189.29122924804688
-158.69007873535156 -158.72372436523438
Epoch 2631/3500, Average Reward: -158.7165985107422, Median: -189.81871032714844
-158.69007873535156 -158.72372436523438
Epoch 2641/3500, Average Reward: -158.77272033691406, Median: -189.72410583496094
-158.69007873535156 -158.72372436523438
Epoch 2651/3500, Average Reward: -158.71591186523438, Median: -189.63735961914062
-158.69007873535156 -158.72372436523438
Epoch 2661/3500, Average Reward: -158.75421142578125, Median: -189.77685546875
-158.69007873535156 -158.72372436523438
Epoch 2671/3500, Average Reward: -158.76727294921875, Median: -189.60655212402344
-158.69007873535156 -158.72372436523438
Epoch 2681/3500, Average Reward: -158.75039672851562, Median: -189.54656982421875
-158.69007873535156 -158.72372436523438
Epoch 2691/3500, Average Reward: -158.7378692626953, Median: -189.58642578125
-158.69007873535156 -158.72372436523438
Epoch 2701/3500, Average Reward: -158.73143005371094, Median: -189.59954833984375
-158.69007873535156 -158.72372436523438
Epoch 2711/3500, Average Reward: -158.7246856689453, Median: -189.63795471191406
-158.69007873535156 -158.7160186767578
Epoch 2721/3500, Average Reward: -158.72637939453125, Median: -190.01983642578125
-158.69007873535156 -158.7160186767578
Epoch 2731/3500, Average Reward: -158.75633239746094, Median: -189.61326599121094
-158.69007873535156 -158.7160186767578
Epoch 2741/3500, Average Reward: -158.74395751953125, Median: -189.46682739257812
-158.69007873535156 -158.7160186767578
Epoch 2751/3500, Average Reward: -158.72105407714844, Median: -189.22235107421875
-158.69007873535156 -158.7160186767578
Epoch 2761/3500, Average Reward: -158.7364959716797, Median: -189.1103973388672
-158.69007873535156 -158.7160186767578
Epoch 2771/3500, Average Reward: -158.74551391601562, Median: -189.6365966796875
-158.69007873535156 -158.7160186767578
Epoch 2781/3500, Average Reward: -158.73477172851562, Median: -189.3303985595703
-158.69007873535156 -158.70437622070312
Epoch 2791/3500, Average Reward: -158.73291015625, Median: -189.369140625
-158.69007873535156 -158.70437622070312
Epoch 2801/3500, Average Reward: -158.72628784179688, Median: -189.40235900878906
-158.69007873535156 -158.70437622070312
Epoch 2811/3500, Average Reward: -158.76231384277344, Median: -189.44830322265625
-158.69007873535156 -158.70437622070312
Epoch 2821/3500, Average Reward: -158.7351531982422, Median: -189.4393310546875
-158.69007873535156 -158.70327758789062
Epoch 2831/3500, Average Reward: -158.73069763183594, Median: -189.32704162597656
-158.69007873535156 -158.70327758789062
Epoch 2841/3500, Average Reward: -158.7835693359375, Median: -189.37850952148438
-158.69007873535156 -158.70327758789062
Epoch 2851/3500, Average Reward: -158.7503662109375, Median: -189.63394165039062
-158.69007873535156 -158.70237731933594
Epoch 2861/3500, Average Reward: -158.76470947265625, Median: -189.58975219726562
-158.69007873535156 -158.70237731933594
Epoch 2871/3500, Average Reward: -158.7695770263672, Median: -189.54855346679688
-158.69007873535156 -158.70237731933594
Epoch 2881/3500, Average Reward: -158.72596740722656, Median: -189.32986450195312
-158.69007873535156 -158.70237731933594
Epoch 2891/3500, Average Reward: -158.7340087890625, Median: -189.5434112548828
-158.69007873535156 -158.697265625
Epoch 2901/3500, Average Reward: -158.71372985839844, Median: -189.32899475097656
-158.69007873535156 -158.697265625
Epoch 2911/3500, Average Reward: -158.74392700195312, Median: -189.36618041992188
-158.69007873535156 -158.697265625
Epoch 2921/3500, Average Reward: -158.70423889160156, Median: -189.2275390625
-158.68814086914062 -158.697265625
Epoch 2931/3500, Average Reward: -158.70289611816406, Median: -189.2566375732422
-158.68653869628906 -158.697265625
Epoch 2941/3500, Average Reward: -158.73252868652344, Median: -189.10032653808594
-158.68653869628906 -158.697265625
Epoch 2951/3500, Average Reward: -158.72137451171875, Median: -188.990966796875
-158.68653869628906 -158.6961212158203
Epoch 2961/3500, Average Reward: -158.7312469482422, Median: -189.1044158935547
-158.68653869628906 -158.69007873535156
Epoch 2971/3500, Average Reward: -158.69320678710938, Median: -189.3240966796875
-158.6859588623047 -158.69007873535156
Epoch 2981/3500, Average Reward: -158.74072265625, Median: -189.51475524902344
-158.6859588623047 -158.69007873535156
Epoch 2991/3500, Average Reward: -158.6797637939453, Median: -189.28460693359375
-158.67645263671875 -158.69007873535156
Epoch 3001/3500, Average Reward: -158.7379150390625, Median: -189.46951293945312
-158.67645263671875 -158.69007873535156
Epoch 3011/3500, Average Reward: -158.70191955566406, Median: -189.23318481445312
-158.67645263671875 -158.69007873535156
Epoch 3021/3500, Average Reward: -158.71432495117188, Median: -189.2752227783203
-158.67645263671875 -158.69007873535156
Epoch 3031/3500, Average Reward: -158.70726013183594, Median: -188.8993682861328
-158.67507934570312 -158.69007873535156
Epoch 3041/3500, Average Reward: -158.71087646484375, Median: -189.30877685546875
-158.67507934570312 -158.69007873535156
Epoch 3051/3500, Average Reward: -158.68490600585938, Median: -189.2700653076172
-158.67507934570312 -158.69007873535156
Epoch 3061/3500, Average Reward: -158.703125, Median: -189.14060974121094
-158.67507934570312 -158.69007873535156
Epoch 3071/3500, Average Reward: -158.6925048828125, Median: -189.15521240234375
-158.67507934570312 -158.69007873535156
Epoch 3081/3500, Average Reward: -158.6891632080078, Median: -189.09768676757812
-158.6673126220703 -158.69007873535156
Epoch 3091/3500, Average Reward: -158.6779327392578, Median: -189.36204528808594
-158.6673126220703 -158.69007873535156
Epoch 3101/3500, Average Reward: -158.70541381835938, Median: -189.2275390625
-158.6673126220703 -158.69007873535156
Epoch 3111/3500, Average Reward: -158.69261169433594, Median: -189.15444946289062
-158.6673126220703 -158.69007873535156
Epoch 3121/3500, Average Reward: -158.68411254882812, Median: -189.21104431152344
-158.6673126220703 -158.69007873535156
Epoch 3131/3500, Average Reward: -158.69154357910156, Median: -189.1207733154297
-158.6673126220703 -158.69007873535156
Epoch 3141/3500, Average Reward: -158.70240783691406, Median: -188.60157775878906
-158.6673126220703 -158.69007873535156
Epoch 3151/3500, Average Reward: -158.70570373535156, Median: -189.20266723632812
-158.6673126220703 -158.69007873535156
Epoch 3161/3500, Average Reward: -158.6915740966797, Median: -189.2126922607422
-158.6673126220703 -158.69007873535156
Epoch 3171/3500, Average Reward: -158.75997924804688, Median: -189.19515991210938
-158.6673126220703 -158.69007873535156
Epoch 3181/3500, Average Reward: -158.76368713378906, Median: -189.0036163330078
-158.6673126220703 -158.69007873535156
Epoch 3191/3500, Average Reward: -158.7112274169922, Median: -189.04490661621094
-158.6673126220703 -158.69007873535156
Epoch 3201/3500, Average Reward: -158.70826721191406, Median: -189.28732299804688
-158.6673126220703 -158.69007873535156
Epoch 3211/3500, Average Reward: -158.70460510253906, Median: -189.3236083984375
-158.6673126220703 -158.69007873535156
Epoch 3221/3500, Average Reward: -158.6915283203125, Median: -189.1319122314453
-158.6673126220703 -158.69007873535156
Epoch 3231/3500, Average Reward: -158.69476318359375, Median: -189.15013122558594
-158.6673126220703 -158.69007873535156
Epoch 3241/3500, Average Reward: -158.68946838378906, Median: -189.59622192382812
-158.6673126220703 -158.69007873535156
Epoch 3251/3500, Average Reward: -158.71507263183594, Median: -189.27386474609375
-158.6673126220703 -158.69007873535156
Epoch 3261/3500, Average Reward: -158.6786651611328, Median: -188.85020446777344
-158.6673126220703 -158.69007873535156
Epoch 3271/3500, Average Reward: -158.68203735351562, Median: -188.85719299316406
-158.6673126220703 -158.69007873535156
Epoch 3281/3500, Average Reward: -158.69393920898438, Median: -189.2204132080078
-158.6673126220703 -158.69007873535156
Epoch 3291/3500, Average Reward: -158.69671630859375, Median: -189.0623779296875
-158.6673126220703 -158.69007873535156
Epoch 3301/3500, Average Reward: -158.68914794921875, Median: -189.45233154296875
-158.6673126220703 -158.69007873535156
Epoch 3311/3500, Average Reward: -158.7061767578125, Median: -189.23121643066406
-158.6673126220703 -158.69007873535156
Epoch 3321/3500, Average Reward: -158.69544982910156, Median: -189.70266723632812
-158.6673126220703 -158.69007873535156
Epoch 3331/3500, Average Reward: -158.69435119628906, Median: -189.41226196289062
-158.6673126220703 -158.69007873535156
Epoch 3341/3500, Average Reward: -158.69313049316406, Median: -189.2792510986328
-158.6673126220703 -158.69007873535156
Epoch 3351/3500, Average Reward: -158.69064331054688, Median: -188.93092346191406
-158.66604614257812 -158.69007873535156
Epoch 3361/3500, Average Reward: -158.70553588867188, Median: -189.625
-158.66604614257812 -158.69007873535156
Epoch 3371/3500, Average Reward: -158.69581604003906, Median: -189.26806640625
-158.66604614257812 -158.69007873535156
Epoch 3381/3500, Average Reward: -158.6873321533203, Median: -189.32931518554688
-158.66604614257812 -158.69007873535156
Epoch 3391/3500, Average Reward: -158.66734313964844, Median: -189.27455139160156
-158.66604614257812 -158.69007873535156
Epoch 3401/3500, Average Reward: -158.69253540039062, Median: -189.06365966796875
-158.66604614257812 -158.69007873535156
Epoch 3411/3500, Average Reward: -158.70281982421875, Median: -189.74851989746094
-158.66542053222656 -158.69007873535156
Epoch 3421/3500, Average Reward: -158.72235107421875, Median: -190.02735900878906
-158.66542053222656 -158.68814086914062
Epoch 3431/3500, Average Reward: -158.692626953125, Median: -188.97767639160156
-158.66542053222656 -158.68653869628906
Epoch 3441/3500, Average Reward: -158.68984985351562, Median: -189.61502075195312
-158.66542053222656 -158.68653869628906
Epoch 3451/3500, Average Reward: -158.68531799316406, Median: -189.44039916992188
-158.66542053222656 -158.68653869628906
Epoch 3461/3500, Average Reward: -158.72943115234375, Median: -189.5812530517578
-158.66542053222656 -158.68653869628906
Epoch 3471/3500, Average Reward: -158.7460479736328, Median: -189.26499938964844
-158.66542053222656 -158.6859588623047
Epoch 3481/3500, Average Reward: -158.67262268066406, Median: -188.9518280029297
-158.66542053222656 -158.6859588623047
Epoch 3491/3500, Average Reward: -158.69253540039062, Median: -189.27767944335938
-158.66542053222656 -158.67645263671875
Done in 14.6 min
